<?xml version="1.0"?>
<testsuites tests="3" failures="1">
<testsuite name="k6 thresholds" tests="3" failures="1"><testcase name="http_req_duration - p(90)&lt;500"><system-out><![CDATA[Value registered for http_req_duration is within the expected values(p(90)<500). Actual values: http_req_duration = 457.8528]]></system-out><properties><property name="testrun_comment"><![CDATA[Value registered for http_req_duration is within the expected values- p(90)<500]]></property><property name="test_description"><![CDATA[Threshold for http_req_duration]]></property><property name="test_summary" value="http_req_duration - p(90)&lt;500"/></properties></testcase>
<testcase name="http_req_failed - rate&lt;0.01"><system-out><![CDATA[Value registered for http_req_failed is within the expected values(rate<0.01). Actual values: http_req_failed = 0.00%]]></system-out><properties><property name="testrun_comment"><![CDATA[Value registered for http_req_failed is within the expected values- rate<0.01]]></property><property name="test_description"><![CDATA[Threshold for http_req_failed]]></property><property name="test_summary" value="http_req_failed - rate&lt;0.01"/></properties></testcase>
<testcase name="http_reqs - rate&lt;100"><failure message="Value registered for http_reqs is not within the expected values(rate&lt;100). Actual values: http_reqs = 100.58378009069534/s" /><properties><property name="testrun_comment"><![CDATA[Value registered for http_reqs is not within the expected values - rate<100]]></property><property name="test_description"><![CDATA[Threshold for http_reqs]]></property><property name="test_summary" value="http_reqs - rate&lt;100"/><property name="testrun_evidence"></property></properties></testcase>
</testsuite >
</testsuites >