<?xml version="1.0"?>
<testsuites tests="3" failures="1">
<testsuite name="k6 thresholds" tests="3" failures="1"><testcase name="http_reqs - rate&lt;100"><system-out><![CDATA[Value registered for http_reqs is within the expected values(rate<100). Actual values: http_reqs = 34.44929193752498/s]]></system-out><properties><property name="testrun_comment"><![CDATA[Value registered for http_reqs is within the expected values- rate<100]]></property><property name="test_description"><![CDATA[Threshold for http_reqs]]></property><property name="test_summary" value="http_reqs - rate&lt;100"/></properties></testcase>
<testcase name="http_req_failed - rate&lt;0.01"><system-out><![CDATA[Value registered for http_req_failed is within the expected values(rate<0.01). Actual values: http_req_failed = 0.00%]]></system-out><properties><property name="testrun_comment"><![CDATA[Value registered for http_req_failed is within the expected values- rate<0.01]]></property><property name="test_description"><![CDATA[Threshold for http_req_failed]]></property><property name="test_summary" value="http_req_failed - rate&lt;0.01"/></properties></testcase>
<testcase name="http_req_duration - p(90)&lt;500"><failure message="Value registered for http_req_duration is not within the expected values(p(90)&lt;500). Actual values: http_req_duration = 520.4050000000001" /><properties><property name="testrun_comment"><![CDATA[Value registered for http_req_duration is not within the expected values - p(90)<500]]></property><property name="test_description"><![CDATA[Threshold for http_req_duration]]></property><property name="test_summary" value="http_req_duration - p(90)&lt;500"/><property name="testrun_evidence"></property></properties></testcase>
</testsuite >
</testsuites >